<?xml version="1.0" encoding="UTF-8" ?>
<testsuite failures="0" time="0.136" errors="0" skipped="0" tests="5" name="com.emp.EmployeeUnitTest">
  <properties>
[...]
</properties>
  <testcase time="0.135" classname="com.emp.EmployeeUnitTest" name="testCreateEmpUnit"/>
  <testcase time="0" classname="com.emp.EmployeeUnitTest" name="testGetAllEmpAndUnits"/>
  <testcase time="0" classname="com.emp.EmployeeUnitTest" name="testUpdateEmpUnit"/>
  <testcase time="0" classname="com.emp.EmployeeUnitTest" name="testGetUnit"/>
  <testcase time="0.001" classname="com.emp.EmployeeUnitTest" name="testDeleteEmpUnit"/>
</testsuite>